<?xml version="1.0" encoding="UTF-8"?>
<!-- Generated by org.testng.reporters.JUnitReportReporter -->
<testsuite hostname="LAPTOP-DG8G23UU" failures="0" tests="5" name="prashantbhakuni.Test.LoginTestCases" time="25.709" errors="0" timestamp="2024-05-25T11:02:25 IST" skipped="0">
  <testcase classname="prashantbhakuni.Test.LoginTestCases" name="loginFour" time="5.241"/>
  <testcase classname="prashantbhakuni.Test.LoginTestCases" name="loginThree" time="5.001"/>
  <testcase classname="prashantbhakuni.Test.LoginTestCases" name="loginFive" time="5.517"/>
  <testcase classname="prashantbhakuni.Test.LoginTestCases" name="loginOne" time="4.994"/>
  <testcase classname="prashantbhakuni.Test.LoginTestCases" name="loginTwo" time="4.956"/>
</testsuite> <!-- prashantbhakuni.Test.LoginTestCases -->
